<?xml version="1.0" encoding="UTF-8"?>
<!-- Generated by org.testng.reporters.JUnitReportReporter -->
<testsuite skipped="0" hostname="bdc4-l-JY7TLC2" name="ActionsforHDFCDematAccount" tests="1" failures="0" timestamp="26 Jul 2018 09:36:59 GMT" time="15.842" errors="0">
  <testcase name="f" time="15.842" classname="ActionsforHDFCDematAccount"/>
</testsuite> <!-- ActionsforHDFCDematAccount -->
