<?xml version="1.0" encoding="UTF-8"?>
<!-- Generated by org.testng.reporters.JUnitReportReporter -->
<testsuite skipped="0" hostname="bdc4-l-JY7TLC2" name="Datadriventestformercurydemoaut" tests="1" failures="0" timestamp="27 Jul 2018 05:57:05 GMT" time="34.538" errors="0">
  <testcase name="testlogin" time="34.538" classname="Datadriventestformercurydemoaut"/>
</testsuite> <!-- Datadriventestformercurydemoaut -->
