<?xml version="1.0" encoding="UTF-8"?>
<!-- Generated by org.testng.reporters.JUnitReportReporter -->
<testsuite skipped="0" hostname="bdc4-l-JY7TLC2" name="ActionsforajaxapplicationDragdropscenario" tests="1" failures="0" timestamp="27 Jul 2018 03:47:11 GMT" time="14.699" errors="0">
  <testcase name="f" time="14.699" classname="ActionsforajaxapplicationDragdropscenario"/>
</testsuite> <!-- ActionsforajaxapplicationDragdropscenario -->
