<?xml version="1.0" encoding="UTF-8"?>
<!-- Generated by org.testng.reporters.JUnitReportReporter -->
<testsuite skipped="0" hostname="bdc4-l-JY7TLC2" name="DatadriventestusingAPACHEPOI" tests="1" failures="0" timestamp="27 Jul 2018 04:41:19 GMT" time="0.704" errors="0">
  <testcase name="f" time="0.704" classname="DatadriventestusingAPACHEPOI"/>
</testsuite> <!-- DatadriventestusingAPACHEPOI -->
