<?xml version="1.0" encoding="UTF-8"?>
<!-- Generated by org.testng.reporters.JUnitReportReporter -->
<testsuite skipped="0" hostname="bdc4-l-JY7TLC2" name="NewTest" tests="3" failures="0" timestamp="26 Jul 2018 07:04:19 GMT" time="0.016" errors="0">
  <testcase name="f" time="0.003" classname="NewTest"/>
  <testcase name="xyz" time="0.002" classname="NewTest"/>
  <testcase name="abc" time="0.011" classname="NewTest"/>
</testsuite> <!-- NewTest -->
