<?xml version="1.0" encoding="UTF-8"?>
<!-- Generated by org.testng.reporters.JUnitReportReporter -->
<testsuite skipped="0" hostname="bdc4-l-JY7TLC2" name="Actions2" tests="1" failures="0" timestamp="26 Jul 2018 11:04:18 GMT" time="13.169" errors="0">
  <testcase name="f" time="13.169" classname="Actions2"/>
</testsuite> <!-- Actions2 -->
